This is pdfTeX, Version 3.14159265-2.6-1.40.18 (TeX Live 2017) (INITEX)  23 NOV 2017 10:54
entering extended mode
 restricted \write18 enabled.
 %&-line parsing enabled.
 (/usr/local/texlive/2017/texmf-dist/web2c/cp227.tcx)
***pdflatex.ini
(/usr/local/texlive/2017/texmf-dist/tex/latex/latexconfig/pdflatex.ini (/usr/local/texlive/2017/texmf-config/tex/generic/config/pdftexconfig.tex)
(/usr/local/texlive/2017/texmf-dist/tex/latex/base/latex.ltx (/usr/local/texlive/2017/texmf-dist/tex/latex/base/texsys.cfg)
\openout15 = `texsys.aux'.


./texsys.aux found


\@currdir set to: ./.


Assuming \openin and \input 
have the same search path.


Defining UNIX/DOS style filename parser.

catcodes, registers,
\maxdimen=\dimen10
\hideskip=\skip10
\p@=\dimen11
\z@=\dimen12
\z@skip=\skip11
\voidb@x=\box10
 parameters,
\normalbaselineskip=\skip12
\normallineskip=\skip13
\normallineskiplimit=\dimen13
\interfootnotelinepenalty=\count23
\strutbox=\box11

LaTeX2e <2017-04-15>
hacks,
\@tempcnta=\count24
\@tempcntb=\count25
\@tempdima=\dimen14
\@tempdimb=\dimen15
\@tempdimc=\dimen16
\@tempboxa=\box12
\@tempskipa=\skip14
\@tempskipb=\skip15
\@temptokena=\toks10
\@flushglue=\skip16
 control, par, spacing,
\@savsk=\dimen17
\@savsf=\count26
\smallskipamount=\skip17
\medskipamount=\skip18
\bigskipamount=\skip19
\fill=\skip20
 files,
\@inputcheck=\read0
\@unused=\write0
\@mainaux=\write1
\@partaux=\write2
\@clubpenalty=\count27
 font encodings, lengths,
\everymath=\toks11
\everydisplay=\toks12
\every@math@size=\toks13
\lower@bound=\dimen18
\upper@bound=\dimen19
\c@mv@normal=\count28
\c@mv@bold=\count29

====================================

Local config file fonttext.cfg used

====================================
(/usr/local/texlive/2017/texmf-dist/tex/latex/base/fonttext.cfg
File: fonttext.cfg 2016/12/03 v3.0a LaTeX Kernel (Uncustomised text font setup)
 (/usr/local/texlive/2017/texmf-dist/tex/latex/base/fonttext.ltx
File: fonttext.ltx 2016/12/03 v3.0a LaTeX Kernel (Text font setup)

=== Don't modify this file, use a .cfg file instead ===

(/usr/local/texlive/2017/texmf-dist/tex/latex/base/omlenc.def
File: omlenc.def 2017/04/05 v2.0i Standard LaTeX file
) (/usr/local/texlive/2017/texmf-dist/tex/latex/base/t1enc.def
File: t1enc.def 2017/04/05 v2.0i Standard LaTeX file
) (/usr/local/texlive/2017/texmf-dist/tex/latex/base/ot1enc.def
File: ot1enc.def 2017/04/05 v2.0i Standard LaTeX file
) (/usr/local/texlive/2017/texmf-dist/tex/latex/base/omsenc.def
File: omsenc.def 2017/04/05 v2.0i Standard LaTeX file
) (/usr/local/texlive/2017/texmf-dist/tex/latex/base/t1cmr.fd
File: t1cmr.fd 2014/09/29 v2.5h Standard LaTeX font definitions
) (/usr/local/texlive/2017/texmf-dist/tex/latex/base/ot1cmr.fd
File: ot1cmr.fd 2014/09/29 v2.5h Standard LaTeX font definitions
) (/usr/local/texlive/2017/texmf-dist/tex/latex/base/ot1cmss.fd
File: ot1cmss.fd 2014/09/29 v2.5h Standard LaTeX font definitions
) (/usr/local/texlive/2017/texmf-dist/tex/latex/base/ot1cmtt.fd
File: ot1cmtt.fd 2014/09/29 v2.5h Standard LaTeX font definitions
)))
====================================

Local config file fontmath.cfg used

====================================
(/usr/local/texlive/2017/texmf-dist/tex/latex/base/fontmath.cfg
File: fontmath.cfg 2016/12/03 v3.0a LaTeX Kernel (Uncustomised math font setup)
 (/usr/local/texlive/2017/texmf-dist/tex/latex/base/fontmath.ltx
File: fontmath.ltx 2016/12/03 v3.0a LaTeX Kernel (Math font setup)

=== Don't modify this file, use a .cfg file instead ===

LaTeX Font Info:    Redeclaring font encoding OML on input line 44.
LaTeX Font Info:    Redeclaring font encoding OMS on input line 45.
(/usr/local/texlive/2017/texmf-dist/tex/latex/base/omlcmm.fd
File: omlcmm.fd 2014/09/29 v2.5h Standard LaTeX font definitions
) (/usr/local/texlive/2017/texmf-dist/tex/latex/base/omscmsy.fd
File: omscmsy.fd 2014/09/29 v2.5h Standard LaTeX font definitions
) (/usr/local/texlive/2017/texmf-dist/tex/latex/base/omxcmex.fd
File: omxcmex.fd 2014/09/29 v2.5h Standard LaTeX font definitions
) (/usr/local/texlive/2017/texmf-dist/tex/latex/base/ucmr.fd
File: ucmr.fd 2014/09/29 v2.5h Standard LaTeX font definitions
)
\symoperators=\mathgroup0
\symletters=\mathgroup1
\symsymbols=\mathgroup2
\symlargesymbols=\mathgroup3
LaTeX Font Info:    Overwriting symbol font `operators' in version `bold'
(Font)                  OT1/cmr/m/n --> OT1/cmr/bx/n on input line 63.
LaTeX Font Info:    Overwriting symbol font `letters' in version `bold'
(Font)                  OML/cmm/m/it --> OML/cmm/b/it on input line 64.
LaTeX Font Info:    Overwriting symbol font `symbols' in version `bold'
(Font)                  OMS/cmsy/m/n --> OMS/cmsy/b/n on input line 65.
LaTeX Font Info:    Overwriting math alphabet `\mathsf' in version `bold'
(Font)                  OT1/cmss/m/n --> OT1/cmss/bx/n on input line 73.
LaTeX Font Info:    Overwriting math alphabet `\mathit' in version `bold'
(Font)                  OT1/cmr/m/it --> OT1/cmr/bx/it on input line 74.
))
====================================

Local config file preload.cfg used

=====================================
(/usr/local/texlive/2017/texmf-dist/tex/latex/base/preload.cfg
File: preload.cfg 2016/12/03 v3.0a LaTeX Kernel (Uncustomised preload font setup)
 (/usr/local/texlive/2017/texmf-dist/tex/latex/base/preload.ltx
File: preload.ltx 2014/09/29 v2.1g LaTeX Kernel (Font Preloading)
)) page nos., x-ref, environments, center,
\@rightskip=\skip21
 verbatim, math definitions,
\jot=\dimen20
\interdisplaylinepenalty=\count30
\rootbox=\box13
\c@equation=\count31
\@eqcnt=\count32
\@eqpen=\count33
\@centering=\skip22
\topsep=\skip23
\partopsep=\skip24
\itemsep=\skip25
\parsep=\skip26
\@topsep=\skip27
\@topsepadd=\skip28
\@outerparskip=\skip29
\leftmargin=\dimen21
\rightmargin=\dimen22
\listparindent=\dimen23
\itemindent=\dimen24
\labelwidth=\dimen25
\labelsep=\dimen26
\linewidth=\dimen27
\@totalleftmargin=\dimen28
\leftmargini=\dimen29
\leftmarginii=\dimen30
\leftmarginiii=\dimen31
\leftmarginiv=\dimen32
\leftmarginv=\dimen33
\leftmarginvi=\dimen34
\@listdepth=\count34
\@itempenalty=\count35
\@beginparpenalty=\count36
\@endparpenalty=\count37
\@labels=\box14
\par@deathcycles=\count38
\@enumdepth=\count39
\c@enumi=\count40
\c@enumii=\count41
\c@enumiii=\count42
\c@enumiv=\count43
\@itemdepth=\count44
 boxes,
\fboxrule=\dimen35
\fboxsep=\dimen36
\@mplistdepth=\count45
\@mpfootins=\insert254
\@gtempa=\dimen37
\@gtempa=\dimen38
\@gtempa=\dimen39
\@gtempa=\dimen40
\@gtempa=\dimen41
\@gtempa=\dimen42
\@gtempa=\dimen43
\@gtempa=\dimen44
\@gtempa=\dimen45
\@gtempa=\dimen46
\@gtempa=\dimen47
\@gtempa=\dimen48
\@gtempa=\dimen49
\@gtempa=\dimen50
\@nxttabmar=\count46
\@curtabmar=\count47
\@curtab=\count48
\@hightab=\count49
\@tabpush=\count50
\@curline=\box15
\@curfield=\box16
\@tabfbox=\box17
\tabbingsep=\dimen51
\@chclass=\count51
\@lastchclass=\count52
\@chnum=\count53
\arraycolsep=\dimen52
\tabcolsep=\dimen53
\arrayrulewidth=\dimen54
\doublerulesep=\dimen55
\@arstrutbox=\box18
\@wholewidth=\dimen56
\@halfwidth=\dimen57
\unitlength=\dimen58
\@picbox=\box19
\@picht=\dimen59
\@ovxx=\dimen60
\@ovyy=\dimen61
\@ovdx=\dimen62
\@ovdy=\dimen63
\@ovro=\dimen64
\@ovri=\dimen65
\@xarg=\count54
\@yarg=\count55
\@yyarg=\count56
\@multicnt=\count57
\@xdim=\dimen66
\@ydim=\dimen67
\@linechar=\box20
\@linelen=\dimen68
\@clnwd=\dimen69
\@clnht=\dimen70
\@dashdim=\dimen71
\@dashbox=\box21
\@dashcnt=\count58
 title, sectioning,
\@secpenalty=\count59
\c@secnumdepth=\count60
\c@tocdepth=\count61
 contents, floats,
\@floatpenalty=\count62
 footnotes,
\footins=\insert253
\c@footnote=\count63
\c@mpfootnote=\count64
\footnotesep=\dimen72
 index, bibliography, output,
\bx@A=\insert252
\bx@B=\insert251
\bx@C=\insert250
\bx@D=\insert249
\bx@E=\insert248
\bx@F=\insert247
\bx@G=\insert246
\bx@H=\insert245
\bx@I=\insert244
\bx@J=\insert243
\bx@K=\insert242
\bx@L=\insert241
\bx@M=\insert240
\bx@N=\insert239
\bx@O=\insert238
\bx@P=\insert237
\bx@Q=\insert236
\bx@R=\insert235
\bx@S=\insert234
\bx@T=\insert233
\bx@U=\insert232
\bx@V=\insert231
\bx@W=\insert230
\bx@X=\insert229
\bx@Y=\insert228
\bx@Z=\insert227
\bx@AA=\insert226
\bx@BB=\insert225
\bx@CC=\insert224
\bx@DD=\insert223
\bx@EE=\insert222
\bx@FF=\insert221
\bx@GG=\insert220
\bx@HH=\insert219
\bx@II=\insert218
\bx@JJ=\insert217
\bx@KK=\insert216
\bx@LL=\insert215
\bx@MM=\insert214
\bx@NN=\insert213
\bx@OO=\insert212
\bx@PP=\insert211
\bx@QQ=\insert210
\bx@RR=\insert209
\bx@SS=\insert208
\bx@TT=\insert207
\bx@UU=\insert206
\bx@VV=\insert205
\bx@WW=\insert204
\bx@XX=\insert203
\bx@YY=\insert202
\bx@ZZ=\insert201
\topmargin=\dimen73
\oddsidemargin=\dimen74
\evensidemargin=\dimen75
\headheight=\dimen76
\headsep=\dimen77
\footskip=\dimen78
\textheight=\dimen79
\textwidth=\dimen80
\columnwidth=\dimen81
\columnsep=\dimen82
\columnseprule=\dimen83
\marginparwidth=\dimen84
\marginparsep=\dimen85
\marginparpush=\dimen86
\@begindvibox=\box22
\@maxdepth=\dimen87
\paperheight=\dimen88
\paperwidth=\dimen89
\col@number=\count65
\@topnum=\count66
\@toproom=\dimen90
\@dbltopnum=\count67
\@dbltoproom=\dimen91
\@botnum=\count68
\@botroom=\dimen92
\@colnum=\count69
\@textmin=\dimen93
\@fpmin=\dimen94
\@colht=\dimen95
\@colroom=\dimen96
\@pageht=\dimen97
\@pagedp=\dimen98
\@mparbottom=\dimen99
\@currtype=\count70
\@outputbox=\box23
\@leftcolumn=\box24
\@holdpg=\box25
\@kludgeins=\insert200
\@fpstype=\count71
\@reqcolroom=\dimen100
\@textfloatsheight=\dimen101
\c@topnumber=\count72
\c@bottomnumber=\count73
\c@totalnumber=\count74
\c@dbltopnumber=\count75
\floatsep=\skip30
\textfloatsep=\skip31
\intextsep=\skip32
\dblfloatsep=\skip33
\dbltextfloatsep=\skip34
\@fptop=\skip35
\@fpsep=\skip36
\@fpbot=\skip37
\@dblfptop=\skip38
\@dblfpsep=\skip39
\@dblfpbot=\skip40
\@lowpenalty=\count76
\@medpenalty=\count77
\@highpenalty=\count78

===========================================
Local configuration file hyphen.cfg used
===========================================
(/usr/local/texlive/2017/texmf-dist/tex/generic/babel/hyphen.cfg
File: hyphen.cfg 2017/11/03 3.15 Babel hyphens
 (/usr/local/texlive/2017/texmf-dist/tex/generic/babel/switch.def
File: switch.def 2017/11/03 3.15 Babel switching mechanism
)
\l@english=\language0
 (/usr/local/texlive/2017/texmf-dist/tex/generic/hyphen/hyphen.tex)
\l@usenglish=\language0
\l@USenglish=\language0
\l@american=\language0
\l@dumylang=\language1
 (/usr/local/texlive/2017/texmf-dist/tex/generic/hyphen/dumyhyph.tex)
\l@nohyphenation=\language2
 (/usr/local/texlive/2017/texmf-dist/tex/generic/hyphen/zerohyph.tex)
\l@arabic=\language3
 (/usr/local/texlive/2017/texmf-dist/tex/generic/hyphen/zerohyph.tex)
\l@basque=\language4
 (/usr/local/texlive/2017/texmf-dist/tex/generic/hyph-utf8/loadhyph/loadhyph-eu.tex EC Basque hyphenation patterns (/usr/local/texlive/2017/texmf-dist/tex/generic/hyph-utf8/conversions/conv-utf8-ec.tex) (/usr/local/texlive/2017/texmf-dist/tex/generic/hyph-utf8/patterns/tex/hyph-eu.tex))
\l@danish=\language5
 (/usr/local/texlive/2017/texmf-dist/tex/generic/hyph-utf8/loadhyph/loadhyph-da.tex EC Danish hyphenation patterns (/usr/local/texlive/2017/texmf-dist/tex/generic/hyph-utf8/conversions/conv-utf8-ec.tex) (/usr/local/texlive/2017/texmf-dist/tex/generic/hyph-utf8/patterns/tex/hyph-da.tex))
\l@dutch=\language6
 (/usr/local/texlive/2017/texmf-dist/tex/generic/hyph-utf8/loadhyph/loadhyph-nl.tex EC Dutch hyphenation patterns (/usr/local/texlive/2017/texmf-dist/tex/generic/hyph-utf8/conversions/conv-utf8-ec.tex) (/usr/local/texlive/2017/texmf-dist/tex/generic/hyph-utf8/patterns/tex/hyph-nl.tex))
\l@finnish=\language7
 (/usr/local/texlive/2017/texmf-dist/tex/generic/hyph-utf8/loadhyph/loadhyph-fi.tex EC Finnish hyphenation patterns (/usr/local/texlive/2017/texmf-dist/tex/generic/hyph-utf8/conversions/conv-utf8-ec.tex) (/usr/local/texlive/2017/texmf-dist/tex/generic/hyph-utf8/patterns/tex/hyph-fi.tex))
\l@french=\language8
 (/usr/local/texlive/2017/texmf-dist/tex/generic/hyph-utf8/loadhyph/loadhyph-fr.tex EC French hyphenation patterns (/usr/local/texlive/2017/texmf-dist/tex/generic/hyph-utf8/conversions/conv-utf8-ec.tex) (/usr/local/texlive/2017/texmf-dist/tex/generic/hyph-utf8/patterns/tex/hyph-fr.tex))
\l@patois=\language8
\l@francais=\language8
\l@german=\language9
 (/usr/local/texlive/2017/texmf-dist/tex/generic/hyph-utf8/loadhyph/loadhyph-de-1901.tex EC German hyphenation patterns (traditional orthography)
(/usr/local/texlive/2017/texmf-dist/tex/generic/hyphen/dehypht.tex German Traditional Hyphenation Patterns `dehypht' Version 3.2a <1999/03/03> (Formerly known under the name `ghyph31' and `ghyphen'.)))
\l@ngerman=\language10
 (/usr/local/texlive/2017/texmf-dist/tex/generic/hyph-utf8/loadhyph/loadhyph-de-1996.tex EC German hyphenation patterns (reformed orthography) (/usr/local/texlive/2017/texmf-dist/tex/generic/hyphen/dehyphn.tex New German Hyphenation Patterns `dehyphn' Rev.31 <2001-05-07> (WaS)))
\l@swissgerman=\language11
 (/usr/local/texlive/2017/texmf-dist/tex/generic/hyph-utf8/loadhyph/loadhyph-de-ch-1901.tex EC Swiss-German hyphenation patterns (traditional orthography) (/usr/local/texlive/2017/texmf-dist/tex/generic/hyph-utf8/conversions/conv-utf8-ec.tex) (/usr/local/texlive/2017/texmf-dist/tex/generic/hyph-utf8/patterns/tex/hyph-de-ch-1901.tex Swiss-German Hyphenation Patterns (Traditional Orthography) `dehyphts-x' 2017-03-31 (WL)))
\l@hungarian=\language12
 (/usr/local/texlive/2017/texmf-dist/tex/generic/hyph-utf8/loadhyph/loadhyph-hu.tex EC Hungarian hyphenation patterns (v20110815) (/usr/local/texlive/2017/texmf-dist/tex/generic/hyph-utf8/conversions/conv-utf8-ec.tex) (/usr/local/texlive/2017/texmf-dist/tex/generic/hyph-utf8/patterns/tex/hyph-hu.tex Huhyphn - hungarian hyphenation patterns v20110815))
\l@italian=\language13
 (/usr/local/texlive/2017/texmf-dist/tex/generic/hyph-utf8/loadhyph/loadhyph-it.tex ASCII Italian hyphenation patterns (/usr/local/texlive/2017/texmf-dist/tex/generic/hyph-utf8/patterns/tex/hyph-it.tex))
\l@bokmal=\language14
 (/usr/local/texlive/2017/texmf-dist/tex/generic/hyph-utf8/loadhyph/loadhyph-nb.tex EC Norwegian Bokmal hyphenation patterns (/usr/local/texlive/2017/texmf-dist/tex/generic/hyph-utf8/conversions/conv-utf8-ec.tex) (/usr/local/texlive/2017/texmf-dist/tex/generic/hyph-utf8/patterns/tex/hyph-nb.tex (/usr/local/texlive/2017/texmf-dist/tex/generic/hyph-utf8/patterns/tex/hyph-no.tex)))
\l@norwegian=\language14
\l@norsk=\language14
\l@nynorsk=\language15
 (/usr/local/texlive/2017/texmf-dist/tex/generic/hyph-utf8/loadhyph/loadhyph-nn.tex EC Norwegian Nynorsk hyphenation patterns
(/usr/local/texlive/2017/texmf-dist/tex/generic/hyph-utf8/conversions/conv-utf8-ec.tex) (/usr/local/texlive/2017/texmf-dist/tex/generic/hyph-utf8/patterns/tex/hyph-nn.tex (/usr/local/texlive/2017/texmf-dist/tex/generic/hyph-utf8/patterns/tex/hyph-no.tex)))
\l@polish=\language16
 (/usr/local/texlive/2017/texmf-dist/tex/generic/hyph-utf8/loadhyph/loadhyph-pl.tex QX Polish hyphenation patterns (/usr/local/texlive/2017/texmf-dist/tex/generic/hyph-utf8/conversions/conv-utf8-qx.tex) (/usr/local/texlive/2017/texmf-dist/tex/generic/hyph-utf8/patterns/tex/hyph-pl.tex))
\l@portuguese=\language17
 (/usr/local/texlive/2017/texmf-dist/tex/generic/hyph-utf8/loadhyph/loadhyph-pt.tex EC Portuguese hyphenation patterns (/usr/local/texlive/2017/texmf-dist/tex/generic/hyph-utf8/conversions/conv-utf8-ec.tex) (/usr/local/texlive/2017/texmf-dist/tex/generic/hyph-utf8/patterns/tex/hyph-pt.tex))
\l@portuges=\language17
\l@russian=\language18
 (/usr/local/texlive/2017/texmf-dist/tex/generic/hyph-utf8/loadhyph/loadhyph-ru.tex T2A Russian hyphenation patterns (/usr/local/texlive/2017/texmf-dist/tex/generic/ruhyphen/ruhyphen.tex (/usr/local/texlive/2017/texmf-dist/tex/generic/ruhyphen/catkoi.tex) (/usr/local/texlive/2017/texmf-dist/tex/generic/ruhyphen/koi2t2a.tex) (/usr/local/texlive/2017/texmf-dist/tex/generic/ruhyphen/ruhyphal.tex) (/usr/local/texlive/2017/texmf-dist/tex/generic/ruhyphen/cyryoal.tex) (/usr/local/texlive/2017/texmf-dist/tex/generic/ruhyphen/hypht2.tex)))
\l@spanish=\language19
 (/usr/local/texlive/2017/texmf-dist/tex/generic/hyph-utf8/loadhyph/loadhyph-es.tex EC Spanish hyphenation patterns (/usr/local/texlive/2017/texmf-dist/tex/generic/hyph-utf8/conversions/conv-utf8-ec.tex) (/usr/local/texlive/2017/texmf-dist/tex/generic/hyph-utf8/patterns/tex/hyph-es.tex))
\l@espanol=\language19
\l@swedish=\language20
 (/usr/local/texlive/2017/texmf-dist/tex/generic/hyph-utf8/loadhyph/loadhyph-sv.tex EC Swedish hyphenation patterns (Jan Michael Rynning, 1994-03-03) (/usr/local/texlive/2017/texmf-dist/tex/generic/hyph-utf8/conversions/conv-utf8-ec.tex) (/usr/local/texlive/2017/texmf-dist/tex/generic/hyph-utf8/patterns/tex/hyph-sv.tex)))
 ) )
Beginning to dump on file pdflatex.fmt
 (preloaded format=pdflatex 2017.11.23)
5730 strings of total length 83783
49784 memory locations dumped; current usage is 144&45685
3456 multiletter control sequences
\font\nullfont=nullfont
\font\OMX/cmex/m/n/10=cmex10
\font\tenln=line10
\font\tenlnw=linew10
\font\tencirc=lcircle10
\font\tencircw=lcirclew10
\font\OT1/cmr/m/n/5=cmr5
\font\OT1/cmr/m/n/7=cmr7
\font\OT1/cmr/m/n/10=cmr10
\font\OML/cmm/m/it/5=cmmi5
\font\OML/cmm/m/it/7=cmmi7
\font\OML/cmm/m/it/10=cmmi10
\font\OMS/cmsy/m/n/5=cmsy5
\font\OMS/cmsy/m/n/7=cmsy7
\font\OMS/cmsy/m/n/10=cmsy10
3633 words of font info for 14 preloaded fonts
476 hyphenation exceptions
Hyphenation trie of length 198523 has 4128 ops out of 35111
  127 for language 20
  183 for language 19
  119 for language 18
  7 for language 17
  194 for language 16
  852 for language 15
  852 for language 14
  37 for language 13
  185 for language 12
  497 for language 11
  235 for language 10
  207 for language 9
  89 for language 8
  31 for language 7
  265 for language 6
  60 for language 5
  5 for language 4
  2 for language 1
  181 for language 0
0 words of pdfTeX memory
0 indirect objects
No pages of output.
PDF statistics:
 0 PDF objects out of 1000 (max. 8388607)
 0 named destinations out of 1000 (max. 500000)
 1 words of extra memory for PDF output out of 10000 (max. 10000000)

